make[1]: Entering directory `/opt/OpenSpliceDDS/HDE/x86.linux2.6/examples/dcps/SAL/cpp/standalone'
make[1]: Nothing to be done for `all'.
make[1]: Leaving directory `/opt/OpenSpliceDDS/HDE/x86.linux2.6/examples/dcps/SAL/cpp/standalone'
make[1]: Entering directory `/opt/OpenSpliceDDS/HDE/x86.linux2.6/examples/dcps/SAL/cpp/standalone'
make[1]: Nothing to be done for `all'.
make[1]: Leaving directory `/opt/OpenSpliceDDS/HDE/x86.linux2.6/examples/dcps/SAL/cpp/standalone'
make[1]: Entering directory `/opt/OpenSpliceDDS/HDE/x86.linux2.6/examples/dcps/SAL/cpp/standalone'
g++  -fPIC -O -m32 -D_REENTRANT -Wall -I"." -I"../../../../../examples/include" -I"../../../../../examples" -I"../../../../../include" -I"../../../../../include/sys" -I"../../../../../include/dcps/C++/SACPP" -c  -o ".obj/SALDataSubscriber.o" ../src/SALDataSubscriber.cpp
../src/SALDataSubscriber.cpp:15:50: warning: character constant too long for its type
../src/SALDataSubscriber.cpp:15: error: expected constructor, destructor, or type conversion before ‘file’
In file included from /usr/lib/gcc/i686-redhat-linux/4.4.2/../../../../include/c++/4.4.2/string:54,
                 from ../src/SALDataSubscriber.cpp:19:
/usr/lib/gcc/i686-redhat-linux/4.4.2/../../../../include/c++/4.4.2/bits/basic_string.h:2242: error: wrong number of template arguments (1, should be 3)
/usr/lib/gcc/i686-redhat-linux/4.4.2/../../../../include/c++/4.4.2/bits/basic_string.h:104: error: provided for ‘template<class _CharT, class _Traits, class _Alloc> class std::basic_string’
/usr/lib/gcc/i686-redhat-linux/4.4.2/../../../../include/c++/4.4.2/bits/basic_string.h:2243: error: wrong number of template arguments (1, should be 3)
/usr/lib/gcc/i686-redhat-linux/4.4.2/../../../../include/c++/4.4.2/bits/basic_string.h:104: error: provided for ‘template<class _CharT, class _Traits, class _Alloc> class std::basic_string’
/usr/lib/gcc/i686-redhat-linux/4.4.2/../../../../include/c++/4.4.2/bits/basic_string.h:2243: error: ‘typename __gnu_cxx::__enable_if<std::__is_char::__value, bool>::__type std::operator==(const int&, const int&)’ must have an argument of class or enumerated type
In file included from /usr/lib/gcc/i686-redhat-linux/4.4.2/../../../../include/c++/4.4.2/string:54,
                 from ../src/SALDataSubscriber.cpp:19:
/usr/lib/gcc/i686-redhat-linux/4.4.2/../../../../include/c++/4.4.2/bits/basic_string.h:2488: error: wrong number of template arguments (1, should be 3)
/usr/lib/gcc/i686-redhat-linux/4.4.2/../../../../include/c++/4.4.2/bits/basic_string.h:104: error: provided for ‘template<class _CharT, class _Traits, class _Alloc> class std::basic_string’
/usr/lib/gcc/i686-redhat-linux/4.4.2/../../../../include/c++/4.4.2/bits/basic_string.h:2488: error: template-id ‘operator>><>’ for ‘std::basic_istream<char, std::char_traits<char> >& std::operator>>(std::basic_istream<char, std::char_traits<char> >&, int&)’ does not match any template declaration
In file included from /usr/lib/gcc/i686-redhat-linux/4.4.2/../../../../include/c++/4.4.2/string:54,
                 from ../src/SALDataSubscriber.cpp:19:
/usr/lib/gcc/i686-redhat-linux/4.4.2/../../../../include/c++/4.4.2/bits/basic_string.h:2547: error: wrong number of template arguments (1, should be 3)
/usr/lib/gcc/i686-redhat-linux/4.4.2/../../../../include/c++/4.4.2/bits/basic_string.h:104: error: provided for ‘template<class _CharT, class _Traits, class _Alloc> class std::basic_string’
/usr/lib/gcc/i686-redhat-linux/4.4.2/../../../../include/c++/4.4.2/bits/basic_string.h:2547: error: template-id ‘getline<>’ for ‘std::basic_istream<char, std::char_traits<char> >& std::getline(std::basic_istream<char, std::char_traits<char> >&, int&, char)’ does not match any template declaration
/usr/lib/gcc/i686-redhat-linux/4.4.2/../../../../include/c++/4.4.2/bits/basic_string.h:2553: error: wrong number of template arguments (1, should be 3)
/usr/lib/gcc/i686-redhat-linux/4.4.2/../../../../include/c++/4.4.2/bits/basic_string.h:104: error: provided for ‘template<class _CharT, class _Traits, class _Alloc> class std::basic_string’
/usr/lib/gcc/i686-redhat-linux/4.4.2/../../../../include/c++/4.4.2/bits/basic_string.h:2553: error: template-id ‘getline<>’ for ‘std::basic_istream<wchar_t, std::char_traits<wchar_t> >& std::getline(std::basic_istream<wchar_t, std::char_traits<wchar_t> >&, int&, wchar_t)’ does not match any template declaration
In file included from /usr/lib/gcc/i686-redhat-linux/4.4.2/../../../../include/c++/4.4.2/string:57,
                 from ../src/SALDataSubscriber.cpp:19:
/usr/lib/gcc/i686-redhat-linux/4.4.2/../../../../include/c++/4.4.2/bits/basic_string.tcc:1111: error: wrong number of template arguments (1, should be 3)
/usr/lib/gcc/i686-redhat-linux/4.4.2/../../../../include/c++/4.4.2/bits/basic_string.h:104: error: provided for ‘template<class _CharT, class _Traits, class _Alloc> class std::basic_string’
/usr/lib/gcc/i686-redhat-linux/4.4.2/../../../../include/c++/4.4.2/bits/basic_string.tcc:1114: error: ‘string’ has not been declared
/usr/lib/gcc/i686-redhat-linux/4.4.2/../../../../include/c++/4.4.2/bits/basic_string.tcc:1114: error: template-id ‘operator>><>’ for ‘std::basic_istream<char, std::char_traits<char> >& std::operator>>(std::basic_istream<char, std::char_traits<char> >&, int&)’ does not match any template declaration
/usr/lib/gcc/i686-redhat-linux/4.4.2/../../../../include/c++/4.4.2/bits/basic_string.tcc:1117: error: expected ‘,’ or ‘...’ before ‘&’ token
/usr/lib/gcc/i686-redhat-linux/4.4.2/../../../../include/c++/4.4.2/bits/basic_string.tcc:1117: error: template-id ‘operator<< <>’ for ‘std::basic_ostream<char, std::char_traits<char> >& std::operator<<(std::basic_ostream<char, std::char_traits<char> >&, int)’ does not match any template declaration
/usr/lib/gcc/i686-redhat-linux/4.4.2/../../../../include/c++/4.4.2/bits/basic_string.tcc:1120: error: ‘string’ has not been declared
/usr/lib/gcc/i686-redhat-linux/4.4.2/../../../../include/c++/4.4.2/bits/basic_string.tcc:1120: error: template-id ‘getline<>’ for ‘std::basic_istream<char, std::char_traits<char> >& std::getline(std::basic_istream<char, std::char_traits<char> >&, int&, char)’ does not match any template declaration
/usr/lib/gcc/i686-redhat-linux/4.4.2/../../../../include/c++/4.4.2/bits/basic_string.tcc:1123: error: ‘string’ has not been declared
/usr/lib/gcc/i686-redhat-linux/4.4.2/../../../../include/c++/4.4.2/bits/basic_string.tcc:1123: error: template-id ‘getline<>’ for ‘std::basic_istream<char, std::char_traits<char> >& std::getline(std::basic_istream<char, std::char_traits<char> >&, int&)’ does not match any template declaration
/usr/lib/gcc/i686-redhat-linux/4.4.2/../../../../include/c++/4.4.2/bits/basic_string.tcc:1126: error: wrong number of template arguments (1, should be 3)
/usr/lib/gcc/i686-redhat-linux/4.4.2/../../../../include/c++/4.4.2/bits/basic_string.h:104: error: provided for ‘template<class _CharT, class _Traits, class _Alloc> class std::basic_string’
/usr/lib/gcc/i686-redhat-linux/4.4.2/../../../../include/c++/4.4.2/bits/basic_string.tcc:1129: error: ‘wstring’ has not been declared
/usr/lib/gcc/i686-redhat-linux/4.4.2/../../../../include/c++/4.4.2/bits/basic_string.tcc:1129: error: template-id ‘operator>><>’ for ‘std::basic_istream<wchar_t, std::char_traits<wchar_t> >& std::operator>>(std::basic_istream<wchar_t, std::char_traits<wchar_t> >&, int&)’ does not match any template declaration
/usr/lib/gcc/i686-redhat-linux/4.4.2/../../../../include/c++/4.4.2/bits/basic_string.tcc:1132: error: expected ‘,’ or ‘...’ before ‘&’ token
/usr/lib/gcc/i686-redhat-linux/4.4.2/../../../../include/c++/4.4.2/bits/basic_string.tcc:1132: error: template-id ‘operator<< <>’ for ‘std::basic_ostream<wchar_t, std::char_traits<wchar_t> >& std::operator<<(std::basic_ostream<wchar_t, std::char_traits<wchar_t> >&, int)’ does not match any template declaration
/usr/lib/gcc/i686-redhat-linux/4.4.2/../../../../include/c++/4.4.2/bits/basic_string.tcc:1135: error: ‘wstring’ has not been declared
/usr/lib/gcc/i686-redhat-linux/4.4.2/../../../../include/c++/4.4.2/bits/basic_string.tcc:1135: error: template-id ‘getline<>’ for ‘std::basic_istream<wchar_t, std::char_traits<wchar_t> >& std::getline(std::basic_istream<wchar_t, std::char_traits<wchar_t> >&, int&, wchar_t)’ does not match any template declaration
/usr/lib/gcc/i686-redhat-linux/4.4.2/../../../../include/c++/4.4.2/bits/basic_string.tcc:1138: error: ‘wstring’ has not been declared
/usr/lib/gcc/i686-redhat-linux/4.4.2/../../../../include/c++/4.4.2/bits/basic_string.tcc:1138: error: template-id ‘getline<>’ for ‘std::basic_istream<wchar_t, std::char_traits<wchar_t> >& std::getline(std::basic_istream<wchar_t, std::char_traits<wchar_t> >&, int&)’ does not match any template declaration
In file included from /usr/lib/gcc/i686-redhat-linux/4.4.2/../../../../include/c++/4.4.2/bits/ios_base.h:44,
                 from /usr/lib/gcc/i686-redhat-linux/4.4.2/../../../../include/c++/4.4.2/ios:44,
                 from /usr/lib/gcc/i686-redhat-linux/4.4.2/../../../../include/c++/4.4.2/istream:41,
                 from /usr/lib/gcc/i686-redhat-linux/4.4.2/../../../../include/c++/4.4.2/sstream:40,
                 from ../src/SALDataSubscriber.cpp:20:
/usr/lib/gcc/i686-redhat-linux/4.4.2/../../../../include/c++/4.4.2/bits/locale_classes.h:213: error: ‘string’ does not name a type
In file included from /usr/lib/gcc/i686-redhat-linux/4.4.2/../../../../include/c++/4.4.2/bits/ios_base.h:44,
                 from /usr/lib/gcc/i686-redhat-linux/4.4.2/../../../../include/c++/4.4.2/ios:44,
                 from /usr/lib/gcc/i686-redhat-linux/4.4.2/../../../../include/c++/4.4.2/istream:41,
                 from /usr/lib/gcc/i686-redhat-linux/4.4.2/../../../../include/c++/4.4.2/sstream:40,
                 from ../src/SALDataSubscriber.cpp:20:
/usr/lib/gcc/i686-redhat-linux/4.4.2/../../../../include/c++/4.4.2/bits/locale_classes.h:611: error: wrong number of template arguments (1, should be 3)
/usr/lib/gcc/i686-redhat-linux/4.4.2/../../../../include/c++/4.4.2/bits/basic_string.h:104: error: provided for ‘template<class _CharT, class _Traits, class _Alloc> class std::basic_string’
In file included from /usr/lib/gcc/i686-redhat-linux/4.4.2/../../../../include/c++/4.4.2/bits/ios_base.h:44,
                 from /usr/lib/gcc/i686-redhat-linux/4.4.2/../../../../include/c++/4.4.2/ios:44,
                 from /usr/lib/gcc/i686-redhat-linux/4.4.2/../../../../include/c++/4.4.2/istream:41,
                 from /usr/lib/gcc/i686-redhat-linux/4.4.2/../../../../include/c++/4.4.2/sstream:40,
                 from ../src/SALDataSubscriber.cpp:20:
/usr/lib/gcc/i686-redhat-linux/4.4.2/../../../../include/c++/4.4.2/bits/locale_classes.h:786: error: wrong number of template arguments (1, should be 3)
/usr/lib/gcc/i686-redhat-linux/4.4.2/../../../../include/c++/4.4.2/bits/basic_string.h:104: error: provided for ‘template<class _CharT, class _Traits, class _Alloc> class std::basic_string’
In file included from /usr/lib/gcc/i686-redhat-linux/4.4.2/../../../../include/c++/4.4.2/bits/locale_classes.h:810,
                 from /usr/lib/gcc/i686-redhat-linux/4.4.2/../../../../include/c++/4.4.2/bits/ios_base.h:44,
                 from /usr/lib/gcc/i686-redhat-linux/4.4.2/../../../../include/c++/4.4.2/ios:44,
                 from /usr/lib/gcc/i686-redhat-linux/4.4.2/../../../../include/c++/4.4.2/istream:41,
                 from /usr/lib/gcc/i686-redhat-linux/4.4.2/../../../../include/c++/4.4.2/sstream:40,
                 from ../src/SALDataSubscriber.cpp:20:
/usr/lib/gcc/i686-redhat-linux/4.4.2/../../../../include/c++/4.4.2/bits/locale_classes.tcc: In member function ‘virtual int std::collate<_CharT>::do_compare(const _CharT*, const _CharT*, const _CharT*, const _CharT*) const’:
/usr/lib/gcc/i686-redhat-linux/4.4.2/../../../../include/c++/4.4.2/bits/locale_classes.tcc:142: error: request for member ‘c_str’ in ‘__one’, which is of non-class type ‘const int’
/usr/lib/gcc/i686-redhat-linux/4.4.2/../../../../include/c++/4.4.2/bits/locale_classes.tcc:143: error: request for member ‘data’ in ‘__one’, which is of non-class type ‘const int’
/usr/lib/gcc/i686-redhat-linux/4.4.2/../../../../include/c++/4.4.2/bits/locale_classes.tcc:143: error: request for member ‘length’ in ‘__one’, which is of non-class type ‘const int’
/usr/lib/gcc/i686-redhat-linux/4.4.2/../../../../include/c++/4.4.2/bits/locale_classes.tcc:144: error: request for member ‘c_str’ in ‘__two’, which is of non-class type ‘const int’
/usr/lib/gcc/i686-redhat-linux/4.4.2/../../../../include/c++/4.4.2/bits/locale_classes.tcc:145: error: request for member ‘data’ in ‘__two’, which is of non-class type ‘const int’
/usr/lib/gcc/i686-redhat-linux/4.4.2/../../../../include/c++/4.4.2/bits/locale_classes.tcc:145: error: request for member ‘length’ in ‘__two’, which is of non-class type ‘const int’
/usr/lib/gcc/i686-redhat-linux/4.4.2/../../../../include/c++/4.4.2/bits/locale_classes.tcc: In member function ‘virtual int std::collate<_CharT>::do_transform(const _CharT*, const _CharT*) const’:
/usr/lib/gcc/i686-redhat-linux/4.4.2/../../../../include/c++/4.4.2/bits/locale_classes.tcc:180: error: request for member ‘c_str’ in ‘__str’, which is of non-class type ‘const int’
/usr/lib/gcc/i686-redhat-linux/4.4.2/../../../../include/c++/4.4.2/bits/locale_classes.tcc:181: error: request for member ‘data’ in ‘__str’, which is of non-class type ‘const int’
/usr/lib/gcc/i686-redhat-linux/4.4.2/../../../../include/c++/4.4.2/bits/locale_classes.tcc:181: error: request for member ‘length’ in ‘__str’, which is of non-class type ‘const int’
/usr/lib/gcc/i686-redhat-linux/4.4.2/../../../../include/c++/4.4.2/bits/locale_classes.tcc:206: error: request for member ‘append’ in ‘__ret’, which is of non-class type ‘int’
/usr/lib/gcc/i686-redhat-linux/4.4.2/../../../../include/c++/4.4.2/bits/locale_classes.tcc:212: error: request for member ‘push_back’ in ‘__ret’, which is of non-class type ‘int’
In file included from /usr/lib/gcc/i686-redhat-linux/4.4.2/../../../../include/c++/4.4.2/ios:44,
                 from /usr/lib/gcc/i686-redhat-linux/4.4.2/../../../../include/c++/4.4.2/istream:41,
                 from /usr/lib/gcc/i686-redhat-linux/4.4.2/../../../../include/c++/4.4.2/sstream:40,
                 from ../src/SALDataSubscriber.cpp:20:
/usr/lib/gcc/i686-redhat-linux/4.4.2/../../../../include/c++/4.4.2/bits/ios_base.h: At global scope:
/usr/lib/gcc/i686-redhat-linux/4.4.2/../../../../include/c++/4.4.2/bits/ios_base.h:223: error: expected ‘,’ or ‘...’ before ‘&’ token
/usr/lib/gcc/i686-redhat-linux/4.4.2/../../../../include/c++/4.4.2/bits/ios_base.h:234: error: ‘string’ does not name a type
In file included from /usr/lib/gcc/i686-redhat-linux/4.4.2/../../../../include/c++/4.4.2/bits/basic_ios.h:40,
                 from /usr/lib/gcc/i686-redhat-linux/4.4.2/../../../../include/c++/4.4.2/ios:46,
                 from /usr/lib/gcc/i686-redhat-linux/4.4.2/../../../../include/c++/4.4.2/istream:41,
                 from /usr/lib/gcc/i686-redhat-linux/4.4.2/../../../../include/c++/4.4.2/sstream:40,
                 from ../src/SALDataSubscriber.cpp:20:
/usr/lib/gcc/i686-redhat-linux/4.4.2/../../../../include/c++/4.4.2/bits/locale_facets.h:1643: error: wrong number of template arguments (1, should be 3)
/usr/lib/gcc/i686-redhat-linux/4.4.2/../../../../include/c++/4.4.2/bits/basic_string.h:104: error: provided for ‘template<class _CharT, class _Traits, class _Alloc> class std::basic_string’
In file included from /usr/lib/gcc/i686-redhat-linux/4.4.2/../../../../include/c++/4.4.2/bits/basic_ios.h:40,
                 from /usr/lib/gcc/i686-redhat-linux/4.4.2/../../../../include/c++/4.4.2/ios:46,
                 from /usr/lib/gcc/i686-redhat-linux/4.4.2/../../../../include/c++/4.4.2/istream:41,
                 from /usr/lib/gcc/i686-redhat-linux/4.4.2/../../../../include/c++/4.4.2/sstream:40,
                 from ../src/SALDataSubscriber.cpp:20:
/usr/lib/gcc/i686-redhat-linux/4.4.2/../../../../include/c++/4.4.2/bits/locale_facets.h:1744: error: ‘string’ does not name a type
In file included from /usr/lib/gcc/i686-redhat-linux/4.4.2/../../../../include/c++/4.4.2/bits/basic_ios.h:40,
                 from /usr/lib/gcc/i686-redhat-linux/4.4.2/../../../../include/c++/4.4.2/ios:46,
                 from /usr/lib/gcc/i686-redhat-linux/4.4.2/../../../../include/c++/4.4.2/istream:41,
                 from /usr/lib/gcc/i686-redhat-linux/4.4.2/../../../../include/c++/4.4.2/sstream:40,
                 from ../src/SALDataSubscriber.cpp:20:
/usr/lib/gcc/i686-redhat-linux/4.4.2/../../../../include/c++/4.4.2/bits/locale_facets.h:1812: error: ‘string’ does not name a type
In file included from /usr/lib/gcc/i686-redhat-linux/4.4.2/../../../../include/c++/4.4.2/bits/basic_ios.h:40,
                 from /usr/lib/gcc/i686-redhat-linux/4.4.2/../../../../include/c++/4.4.2/ios:46,
                 from /usr/lib/gcc/i686-redhat-linux/4.4.2/../../../../include/c++/4.4.2/istream:41,
                 from /usr/lib/gcc/i686-redhat-linux/4.4.2/../../../../include/c++/4.4.2/sstream:40,
                 from ../src/SALDataSubscriber.cpp:20:
/usr/lib/gcc/i686-redhat-linux/4.4.2/../../../../include/c++/4.4.2/bits/locale_facets.h:1872: error: wrong number of template arguments (1, should be 3)
/usr/lib/gcc/i686-redhat-linux/4.4.2/../../../../include/c++/4.4.2/bits/basic_string.h:104: error: provided for ‘template<class _CharT, class _Traits, class _Alloc> class std::basic_string’
In file included from /usr/lib/gcc/i686-redhat-linux/4.4.2/../../../../include/c++/4.4.2/bits/basic_ios.h:40,
                 from /usr/lib/gcc/i686-redhat-linux/4.4.2/../../../../include/c++/4.4.2/ios:46,
                 from /usr/lib/gcc/i686-redhat-linux/4.4.2/../../../../include/c++/4.4.2/istream:41,
                 from /usr/lib/gcc/i686-redhat-linux/4.4.2/../../../../include/c++/4.4.2/sstream:40,
                 from ../src/SALDataSubscriber.cpp:20:
/usr/lib/gcc/i686-redhat-linux/4.4.2/../../../../include/c++/4.4.2/bits/locale_facets.h:2102: error: ‘string’ has not been declared
In file included from /usr/lib/gcc/i686-redhat-linux/4.4.2/../../../../include/c++/4.4.2/bits/locale_facets.h:2600,
                 from /usr/lib/gcc/i686-redhat-linux/4.4.2/../../../../include/c++/4.4.2/bits/basic_ios.h:40,
                 from /usr/lib/gcc/i686-redhat-linux/4.4.2/../../../../include/c++/4.4.2/ios:46,
                 from /usr/lib/gcc/i686-redhat-linux/4.4.2/../../../../include/c++/4.4.2/istream:41,
                 from /usr/lib/gcc/i686-redhat-linux/4.4.2/../../../../include/c++/4.4.2/sstream:40,
                 from ../src/SALDataSubscriber.cpp:20:
/usr/lib/gcc/i686-redhat-linux/4.4.2/../../../../include/c++/4.4.2/bits/locale_facets.tcc:123: error: expected ‘,’ or ‘...’ before ‘&’ token
/usr/lib/gcc/i686-redhat-linux/4.4.2/../../../../include/c++/4.4.2/bits/locale_facets.tcc:131: error: ‘string’ has not been declared
/usr/lib/gcc/i686-redhat-linux/4.4.2/../../../../include/c++/4.4.2/bits/locale_facets.tcc: In member function ‘_InIter std::num_get<_CharT, _InIter>::_M_extract_float(_InIter, _InIter, std::ios_base&, std::_Ios_Iostate&, int&) const’:
/usr/lib/gcc/i686-redhat-linux/4.4.2/../../../../include/c++/4.4.2/bits/locale_facets.tcc:190: error: ‘string’ was not declared in this scope
/usr/lib/gcc/i686-redhat-linux/4.4.2/../../../../include/c++/4.4.2/bits/locale_facets.tcc:190: error: expected ‘;’ before ‘__found_grouping’
/usr/lib/gcc/i686-redhat-linux/4.4.2/../../../../include/c++/4.4.2/bits/locale_facets.tcc:192: error: ‘__found_grouping’ was not declared in this scope
/usr/lib/gcc/i686-redhat-linux/4.4.2/../../../../include/c++/4.4.2/bits/locale_facets.tcc:256: error: ‘__found_grouping’ was not declared in this scope
/usr/lib/gcc/i686-redhat-linux/4.4.2/../../../../include/c++/4.4.2/bits/locale_facets.tcc:263: error: request for member ‘clear’ in ‘__xtrc’, which is of non-class type ‘int’
/usr/lib/gcc/i686-redhat-linux/4.4.2/../../../../include/c++/4.4.2/bits/locale_facets.tcc:277: error: ‘__found_grouping’ was not declared in this scope
/usr/lib/gcc/i686-redhat-linux/4.4.2/../../../../include/c++/4.4.2/bits/locale_facets.tcc:300: error: ‘__found_grouping’ was not declared in this scope
/usr/lib/gcc/i686-redhat-linux/4.4.2/../../../../include/c++/4.4.2/bits/locale_facets.tcc:336: error: ‘__found_grouping’ was not declared in this scope
/usr/lib/gcc/i686-redhat-linux/4.4.2/../../../../include/c++/4.4.2/bits/locale_facets.tcc: In member function ‘_InIter std::num_get<_CharT, _InIter>::_M_extract_int(_InIter, _InIter, std::ios_base&, std::_Ios_Iostate&, _ValueT&) const’:
/usr/lib/gcc/i686-redhat-linux/4.4.2/../../../../include/c++/4.4.2/bits/locale_facets.tcc:446: error: ‘string’ was not declared in this scope
/usr/lib/gcc/i686-redhat-linux/4.4.2/../../../../include/c++/4.4.2/bits/locale_facets.tcc:446: error: expected ‘;’ before ‘__found_grouping’
/usr/lib/gcc/i686-redhat-linux/4.4.2/../../../../include/c++/4.4.2/bits/locale_facets.tcc:448: error: ‘__found_grouping’ was not declared in this scope
/usr/lib/gcc/i686-redhat-linux/4.4.2/../../../../include/c++/4.4.2/bits/locale_facets.tcc:494: error: ‘__found_grouping’ was not declared in this scope
/usr/lib/gcc/i686-redhat-linux/4.4.2/../../../../include/c++/4.4.2/bits/locale_facets.tcc:534: error: ‘__found_grouping’ was not declared in this scope
/usr/lib/gcc/i686-redhat-linux/4.4.2/../../../../include/c++/4.4.2/bits/locale_facets.tcc:547: error: ‘__found_grouping’ was not declared in this scope
/usr/lib/gcc/i686-redhat-linux/4.4.2/../../../../include/c++/4.4.2/bits/locale_facets.tcc: In member function ‘virtual _InIter std::num_get<_CharT, _InIter>::do_get(_InIter, _InIter, std::ios_base&, std::_Ios_Iostate&, float&) const’:
/usr/lib/gcc/i686-redhat-linux/4.4.2/../../../../include/c++/4.4.2/bits/locale_facets.tcc:674: error: ‘string’ was not declared in this scope
/usr/lib/gcc/i686-redhat-linux/4.4.2/../../../../include/c++/4.4.2/bits/locale_facets.tcc:674: error: expected ‘;’ before ‘__xtrc’
/usr/lib/gcc/i686-redhat-linux/4.4.2/../../../../include/c++/4.4.2/bits/locale_facets.tcc:675: error: ‘__xtrc’ was not declared in this scope
/usr/lib/gcc/i686-redhat-linux/4.4.2/../../../../include/c++/4.4.2/bits/locale_facets.tcc: In member function ‘virtual _InIter std::num_get<_CharT, _InIter>::do_get(_InIter, _InIter, std::ios_base&, std::_Ios_Iostate&, double&) const’:
/usr/lib/gcc/i686-redhat-linux/4.4.2/../../../../include/c++/4.4.2/bits/locale_facets.tcc:689: error: ‘string’ was not declared in this scope
/usr/lib/gcc/i686-redhat-linux/4.4.2/../../../../include/c++/4.4.2/bits/locale_facets.tcc:689: error: expected ‘;’ before ‘__xtrc’
/usr/lib/gcc/i686-redhat-linux/4.4.2/../../../../include/c++/4.4.2/bits/locale_facets.tcc:690: error: ‘__xtrc’ was not declared in this scope
In file included from /usr/lib/gcc/i686-redhat-linux/4.4.2/../../../../include/c++/4.4.2/bits/locale_facets.h:2600,
                 from /usr/lib/gcc/i686-redhat-linux/4.4.2/../../../../include/c++/4.4.2/bits/basic_ios.h:40,
                 from /usr/lib/gcc/i686-redhat-linux/4.4.2/../../../../include/c++/4.4.2/ios:46,
                 from /usr/lib/gcc/i686-redhat-linux/4.4.2/../../../../include/c++/4.4.2/istream:41,
                 from /usr/lib/gcc/i686-redhat-linux/4.4.2/../../../../include/c++/4.4.2/sstream:40,
                 from ../src/SALDataSubscriber.cpp:20:
/usr/lib/gcc/i686-redhat-linux/4.4.2/../../../../include/c++/4.4.2/bits/locale_facets.tcc: In member function ‘virtual _InIter std::num_get<_CharT, _InIter>::do_get(_InIter, _InIter, std::ios_base&, std::_Ios_Iostate&, long double&) const’:
/usr/lib/gcc/i686-redhat-linux/4.4.2/../../../../include/c++/4.4.2/bits/locale_facets.tcc:721: error: ‘string’ was not declared in this scope
/usr/lib/gcc/i686-redhat-linux/4.4.2/../../../../include/c++/4.4.2/bits/locale_facets.tcc:721: error: expected ‘;’ before ‘__xtrc’
/usr/lib/gcc/i686-redhat-linux/4.4.2/../../../../include/c++/4.4.2/bits/locale_facets.tcc:722: error: ‘__xtrc’ was not declared in this scope
In file included from ../src/SALDDS.h:8,
                 from ../src/SALDataSubscriber.cpp:22:
../src/CheckStatus.h: At global scope:
../src/CheckStatus.h:36: error: ‘string’ does not name a type
../src/CheckStatus.h:46: error: ‘string’ has not been declared
../src/SALDataSubscriber.cpp: In function ‘int SALDataSubscriber(int, char**)’:
../src/SALDataSubscriber.cpp:65: error: invalid conversion from ‘const char*’ to ‘int’
../src/SALDataSubscriber.cpp:65: error:   initializing argument 2 of ‘void checkHandle(void*, int)’
make[1]: *** [.obj/SALDataSubscriber.o] Error 1
make[1]: Leaving directory `/opt/OpenSpliceDDS/HDE/x86.linux2.6/examples/dcps/SAL/cpp/standalone'
make: *** [sacpp_SAL_sub] Error 2
